<?xml version="1.0" encoding="UTF-8"?>
<!-- Generated by org.testng.reporters.JUnitXMLReporter -->
<testsuite hostname="Jatin_Home" ignored="0" name="Test" tests="5" failures="0" timestamp="06 Oct 2022 18:35:59 GMT" time="5.806" errors="0">
  <testcase name="ExecuteTC1" time="5.626" classname="Org.Testing.TestCases.TC1_PostReq"/>
  <testcase name="ExecuteTC2" time="0.048" classname="Org.Testing.TestCases.TC2_GetReq"/>
  <testcase name="ExecuteTC3" time="0.046" classname="Org.Testing.TestCases.TC3_GetSpecificReq"/>
  <testcase name="ExecuteTC4" time="0.035" classname="Org.Testing.TestCases.TC4_PutReq"/>
  <testcase name="Execute_TC5" time="0.041" classname="Org.Testing.TestCases.TC5_DelSpecificReq"/>
</testsuite> <!-- Test -->
